Arguments: 
  /usr/local/bin/node /usr/local/Cellar/yarn/1.22.10/libexec/bin/yarn.js add react-search-autocomplete

PATH: 
  /opt/local/bin:/opt/local/sbin:/usr/local/bin:/usr/bin:/bin:/usr/sbin:/sbin:/usr/local/MacGPG2/bin:/opt/X11/bin:/Library/Apple/usr/bin:/opt/local/bin:/opt/local/sbin:/pujolsr.rvm/bin:/pujolsr.rvm/bin:/pujolsr.rvm/bin

Yarn version: 
  1.22.10

Node version: 
  12.13.1

Platform: 
  darwin x64

Trace: 
  Error: https://registry.yarnpkg.com/date-fns/-/date-fns-2.21.1.tgz: ESOCKETTIMEDOUT
      at ClientRequest.<anonymous> (/usr/local/Cellar/yarn/1.22.10/libexec/lib/cli.js:141376:19)
      at Object.onceWrapper (events.js:299:28)
      at ClientRequest.emit (events.js:210:5)
      at TLSSocket.emitRequestTimeout (_http_client.js:690:9)
      at Object.onceWrapper (events.js:299:28)
      at TLSSocket.emit (events.js:210:5)
      at TLSSocket.Socket._onTimeout (net.js:469:8)
      at listOnTimeout (internal/timers.js:531:17)
      at processTimers (internal/timers.js:475:7)

npm manifest: 
  {
      "name": "react-electron-tailwind-typescript-parcel-boilerplate",
      "description": "boilerplate for react + electron + typescript + tailwind + parcel",
      "version": "1.0.0",
      "main": "electron.js",
      "author": "siblanco.dev <hallo@siblanco.dev>",
      "scripts": {
          "start": "concurrently \"npm run react:watch\" \"wait-on -i 100 -s 1 http://localhost:1234 && npm run electron\"",
          "react:watch": "parcel index.html --out-dir build",
          "react:build": "parcel build index.html --out-dir build --public-url ./ --target electron --no-source-maps",
          "clean-builds": "rm -rf build/ .cache dist/",
          "electron": "electron electron.js",
          "electron-build": "electron-builder",
          "serve": "electron dist",
          "build": "npm run clean-builds && npm run react:build && npm run electron-build",
          "lint": "eslint --ext .ts,.tsx ./src/**/*.{ts,tsx} --fix",
          "amplify-modelgen": "node amplify/scripts/amplify-modelgen.js",
          "amplify-push": "node amplify/scripts/amplify-push.js"
      },
      "build": {
          "appId": "dev.siblanco",
          "copyright": "Copyright © 2020 siblanco.dev",
          "files": [
              "electron.js",
              "src/assets/*",
              "build/**/*"
          ],
          "mac": {
              "target": "dmg",
              "icon": "src/assets/images/logo.png"
          },
          "win": {
              "target": "nsis",
              "icon": "src/assets/images/logo.png"
          },
          "linux": {
              "icon": "src/assets/images/logo.png",
              "category": "Taxes"
          }
      },
      "homepage": "./",
      "lint-staged": {
          "./src/**/*.{ts,tsx}": "npm run lint"
      },
      "husky": {
          "hooks": {
              "pre-commit": "lint-staged"
          }
      },
      "dependencies": {
          "@aws-amplify/core": "^3.8.22",
          "@aws-amplify/datastore": "^2.9.16",
          "electron-is-dev": "^1.2.0",
          "react": "^16.13.1",
          "react-dom": "^16.13.1",
          "react-router-dom": "^5.2.0",
          "tailwindcss": "^1.6.1"
      },
      "devDependencies": {
          "@babel/plugin-syntax-dynamic-import": "^7.8.3",
          "@fullhuman/postcss-purgecss": "^2.3.0",
          "@types/node": "^14.0.27",
          "@types/react": "^16.9.44",
          "@types/react-dom": "^16.9.8",
          "@types/react-router-dom": "^5.1.7",
          "@typescript-eslint/eslint-plugin": "^3.7.1",
          "@typescript-eslint/parser": "^3.7.1",
          "autoprefixer": "^9.8.6",
          "concurrently": "^5.2.0",
          "electron": "^9.1.2",
          "electron-builder": "^22.8.0",
          "eslint": "^7.6.0",
          "eslint-config-prettier": "^6.11.0",
          "eslint-plugin-jsx-a11y": "^6.3.1",
          "eslint-plugin-prettier": "^3.1.4",
          "eslint-plugin-react": "^7.20.5",
          "eslint-plugin-react-hooks": "^4.0.8",
          "husky": "^4.2.5",
          "ini": "^1.3.5",
          "inquirer": "^6.5.1",
          "lint-staged": "^10.2.11",
          "parcel-bundler": "^1.12.4",
          "prettier": "^2.0.5",
          "typescript": "^3.9.7",
          "wait-on": "^5.1.0"
      }
  }

yarn manifest: 
  No manifest

Lockfile: 
  No lockfile
